<?xml version="1.0" encoding="utf-8"?>
<!DOCTYPE coverage SYSTEM "http://cobertura.sourceforge.net/xml/coverage-04.dtd">
<coverage line-rate="0.9126436781609195" branch-rate="0.6498559077809798" lines-covered="2382" lines-valid="2610" branches-covered="451" branches-valid="694" complexity="1183" version="0" timestamp="1785317446">
  <sources>
    <source>backend\</source>
  </sources>
  <packages>
    <package name="PropertyHub.Api" line-rate="0.9064748201438849" branch-rate="0.6436781609195402" complexity="211">
      <classes>
        <class name="Program" filename="backend\PropertyHub.Api\Program.cs" line-rate="1" branch-rate="0.8125" complexity="16">
          <methods>
            <method name="&lt;Main&gt;$" signature="()" line-rate="1" branch-rate="0.8125" complexity="16">
              <lines>
                <line number="14" hits="7" branch="false" />
                <line number="16" hits="7" branch="false" />
                <line number="17" hits="7" branch="false" />
                <line number="18" hits="7" branch="false" />
                <line number="19" hits="7" branch="false" />
                <line number="20" hits="7" branch="false" />
                <line number="21" hits="7" branch="false" />
                <line number="22" hits="7" branch="false" />
                <line number="23" hits="7" branch="false" />
                <line number="24" hits="7" branch="false" />
                <line number="25" hits="7" branch="false" />
                <line number="26" hits="7" branch="false" />
                <line number="27" hits="7" branch="false" />
                <line number="28" hits="7" branch="false" />
                <line number="29" hits="7" branch="false" />
                <line number="30" hits="7" branch="false" />
                <line number="31" hits="14" branch="false" />
                <line number="32" hits="7" branch="false" />
                <line number="33" hits="7" branch="false" />
                <line number="34" hits="7" branch="false" />
                <line number="35" hits="72" branch="true" condition-coverage="75% (3/4)" />
                <line number="36" hits="72" branch="false" />
                <line number="37" hits="77" branch="false" />
                <line number="38" hits="77" branch="false" />
                <line number="39" hits="77" branch="false" />
                <line number="40" hits="77" branch="false" />
                <line number="41" hits="77" branch="false" />
                <line number="42" hits="77" branch="false" />
                <line number="43" hits="7" branch="false" />
                <line number="44" hits="18" branch="true" condition-coverage="88% (7/8)" />
                <line number="45" hits="18" branch="false" />
                <line number="46" hits="18" branch="false" />
                <line number="47" hits="18" branch="false" />
                <line number="48" hits="27" branch="false" />
                <line number="49" hits="27" branch="false" />
                <line number="50" hits="27" branch="false" />
                <line number="51" hits="27" branch="false" />
                <line number="52" hits="27" branch="false" />
                <line number="53" hits="27" branch="false" />
                <line number="54" hits="7" branch="false" />
                <line number="55" hits="14" branch="false" />
                <line number="57" hits="7" branch="true" condition-coverage="50% (1/2)" />
                <line number="58" hits="7" branch="false" />
                <line number="59" hits="7" branch="false" />
                <line number="60" hits="7" branch="false" />
                <line number="61" hits="14" branch="true" condition-coverage="100% (2/2)" />
                <line number="62" hits="14" branch="false" />
                <line number="63" hits="14" branch="false" />
                <line number="64" hits="14" branch="false" />
                <line number="65" hits="7" branch="false" />
                <line number="66" hits="1" branch="false" />
                <line number="67" hits="7" branch="false" />
                <line number="69" hits="7" branch="false" />
                <line number="71" hits="7" branch="false" />
                <line number="73" hits="7" branch="false" />
                <line number="74" hits="7" branch="false" />
                <line number="75" hits="7" branch="false" />
                <line number="76" hits="7" branch="false" />
                <line number="77" hits="7" branch="false" />
                <line number="78" hits="7" branch="false" />
                <line number="79" hits="7" branch="false" />
                <line number="80" hits="7" branch="false" />
                <line number="81" hits="2" branch="false" />
                <line number="82" hits="7" branch="false" />
                <line number="83" hits="7" branch="false" />
                <line number="84" hits="7" branch="false" />
                <line number="85" hits="2" branch="false" />
                <line number="86" hits="7" branch="false" />
                <line number="88" hits="7" branch="false" />
              </lines>
            </method>
          </methods>
          <lines>
            <line number="14" hits="7" branch="false" />
            <line number="16" hits="7" branch="false" />
            <line number="17" hits="7" branch="false" />
            <line number="18" hits="7" branch="false" />
            <line number="19" hits="7" branch="false" />
            <line number="20" hits="7" branch="false" />
            <line number="21" hits="7" branch="false" />
            <line number="22" hits="7" branch="false" />
            <line number="23" hits="7" branch="false" />
            <line number="24" hits="7" branch="false" />
            <line number="25" hits="7" branch="false" />
            <line number="26" hits="7" branch="false" />
            <line number="27" hits="7" branch="false" />
            <line number="28" hits="7" branch="false" />
            <line number="29" hits="7" branch="false" />
            <line number="30" hits="7" branch="false" />
            <line number="31" hits="14" branch="false" />
            <line number="32" hits="7" branch="false" />
            <line number="33" hits="7" branch="false" />
            <line number="34" hits="7" branch="false" />
            <line number="35" hits="72" branch="true" condition-coverage="75% (3/4)" />
            <line number="36" hits="72" branch="false" />
            <line number="37" hits="77" branch="false" />
            <line number="38" hits="77" branch="false" />
            <line number="39" hits="77" branch="false" />
            <line number="40" hits="77" branch="false" />
            <line number="41" hits="77" branch="false" />
            <line number="42" hits="77" branch="false" />
            <line number="43" hits="7" branch="false" />
            <line number="44" hits="18" branch="true" condition-coverage="88% (7/8)" />
            <line number="45" hits="18" branch="false" />
            <line number="46" hits="18" branch="false" />
            <line number="47" hits="18" branch="false" />
            <line number="48" hits="27" branch="false" />
            <line number="49" hits="27" branch="false" />
            <line number="50" hits="27" branch="false" />
            <line number="51" hits="27" branch="false" />
            <line number="52" hits="27" branch="false" />
            <line number="53" hits="27" branch="false" />
            <line number="54" hits="7" branch="false" />
            <line number="55" hits="14" branch="false" />
            <line number="57" hits="7" branch="true" condition-coverage="50% (1/2)" />
            <line number="58" hits="7" branch="false" />
            <line number="59" hits="7" branch="false" />
            <line number="60" hits="7" branch="false" />
            <line number="61" hits="14" branch="true" condition-coverage="100% (2/2)" />
            <line number="62" hits="14" branch="false" />
            <line number="63" hits="14" branch="false" />
            <line number="64" hits="14" branch="false" />
            <line number="65" hits="7" branch="false" />
            <line number="66" hits="1" branch="false" />
            <line number="67" hits="7" branch="false" />
            <line number="69" hits="7" branch="false" />
            <line number="71" hits="7" branch="false" />
            <line number="73" hits="7" branch="false" />
            <line number="74" hits="7" branch="false" />
            <line number="75" hits="7" branch="false" />
            <line number="76" hits="7" branch="false" />
            <line number="77" hits="7" branch="false" />
            <line number="78" hits="7" branch="false" />
            <line number="79" hits="7" branch="false" />
            <line number="80" hits="7" branch="false" />
            <line number="81" hits="2" branch="false" />
            <line number="82" hits="7" branch="false" />
            <line number="83" hits="7" branch="false" />
            <line number="84" hits="7" branch="false" />
            <line number="85" hits="2" branch="false" />
            <line number="86" hits="7" branch="false" />
            <line number="88" hits="7" branch="false" />
          </lines>
        </class>
        <class name="PropertyHub.Api.Authentication.ActiveUserAuthorizationHandler" filename="backend\PropertyHub.Api\Authentication\ActiveUserAuthorizationHandler.cs" line-rate="1" branch-rate="1" complexity="7">
          <methods>
            <method name=".ctor" signature="(PropertyHub.Application.Interfaces.Repositories.IUserAccountRepository)" line-rate="1" branch-rate="1" complexity="1">
              <lines>
                <line number="7" hits="96" branch="false" />
                <line number="8" hits="96" branch="false" />
              </lines>
            </method>
            <method name="HandleRequirementAsync" signature="()" line-rate="1" branch-rate="1" complexity="6">
              <lines>
                <line number="13" hits="94" branch="false" />
                <line number="14" hits="94" branch="false" />
                <line number="15" hits="94" branch="false" />
                <line number="17" hits="94" branch="true" condition-coverage="100% (4/4)" />
                <line number="18" hits="94" branch="false" />
                <line number="19" hits="8" branch="false" />
                <line number="20" hits="8" branch="false" />
                <line number="23" hits="86" branch="true" condition-coverage="100% (2/2)" />
                <line number="24" hits="82" branch="false" />
                <line number="25" hits="82" branch="false" />
                <line number="26" hits="82" branch="false" />
                <line number="27" hits="94" branch="false" />
              </lines>
            </method>
          </methods>
          <lines>
            <line number="7" hits="96" branch="false" />
            <line number="8" hits="96" branch="false" />
            <line number="13" hits="94" branch="false" />
            <line number="14" hits="94" branch="false" />
            <line number="15" hits="94" branch="false" />
            <line number="17" hits="94" branch="true" condition-coverage="100% (4/4)" />
            <line number="18" hits="94" branch="false" />
            <line number="19" hits="8" branch="false" />
            <line number="20" hits="8" branch="false" />
            <line number="23" hits="86" branch="true" condition-coverage="100% (2/2)" />
            <line number="24" hits="82" branch="false" />
            <line number="25" hits="82" branch="false" />
            <line number="26" hits="82" branch="false" />
            <line number="27" hits="94" branch="false" />
          </lines>
        </class>
        <class name="PropertyHub.Api.Authentication.AuthenticationExtensions" filename="backend\PropertyHub.Api\Authentication\AuthenticationExtensions.cs" line-rate="1" branch-rate="0.5" complexity="2">
          <methods>
            <method name="AddPropertyHubAuthentication" signature="(Microsoft.Extensions.DependencyInjection.IServiceCollection,Microsoft.Extensions.Configuration.IConfiguration)" line-rate="1" branch-rate="0.5" complexity="2">
              <lines>
                <line number="17" hits="7" branch="false" />
                <line number="18" hits="7" branch="false" />
                <line number="19" hits="7" branch="false" />
                <line number="20" hits="13" branch="false" />
                <line number="21" hits="13" branch="false" />
                <line number="22" hits="13" branch="false" />
                <line number="23" hits="13" branch="true" condition-coverage="50% (1/2)" />
                <line number="24" hits="7" branch="false" />
                <line number="26" hits="7" branch="false" />
                <line number="27" hits="7" branch="false" />
                <line number="28" hits="7" branch="false" />
                <line number="29" hits="7" branch="false" />
                <line number="30" hits="6" branch="false" />
                <line number="31" hits="6" branch="false" />
                <line number="32" hits="6" branch="false" />
                <line number="33" hits="6" branch="false" />
                <line number="34" hits="6" branch="false" />
                <line number="35" hits="6" branch="false" />
                <line number="36" hits="6" branch="false" />
                <line number="37" hits="6" branch="false" />
                <line number="38" hits="6" branch="false" />
                <line number="39" hits="6" branch="false" />
                <line number="40" hits="6" branch="false" />
                <line number="41" hits="6" branch="false" />
                <line number="42" hits="6" branch="false" />
                <line number="43" hits="6" branch="false" />
                <line number="44" hits="6" branch="false" />
                <line number="45" hits="13" branch="false" />
                <line number="47" hits="7" branch="false" />
                <line number="48" hits="7" branch="false" />
                <line number="49" hits="7" branch="false" />
                <line number="50" hits="7" branch="false" />
                <line number="51" hits="14" branch="false" />
                <line number="52" hits="7" branch="false" />
                <line number="53" hits="7" branch="false" />
                <line number="54" hits="14" branch="false" />
                <line number="55" hits="14" branch="false" />
                <line number="56" hits="14" branch="false" />
                <line number="57" hits="14" branch="false" />
                <line number="59" hits="7" branch="false" />
                <line number="60" hits="7" branch="false" />
                <line number="61" hits="7" branch="false" />
                <line number="62" hits="7" branch="false" />
                <line number="63" hits="7" branch="false" />
              </lines>
            </method>
          </methods>
          <lines>
            <line number="17" hits="7" branch="false" />
            <line number="18" hits="7" branch="false" />
            <line number="19" hits="7" branch="false" />
            <line number="20" hits="13" branch="false" />
            <line number="21" hits="13" branch="false" />
            <line number="22" hits="13" branch="false" />
            <line number="23" hits="13" branch="true" condition-coverage="50% (1/2)" />
            <line number="24" hits="7" branch="false" />
            <line number="26" hits="7" branch="false" />
            <line number="27" hits="7" branch="false" />
            <line number="28" hits="7" branch="false" />
            <line number="29" hits="7" branch="false" />
            <line number="30" hits="6" branch="false" />
            <line number="31" hits="6" branch="false" />
            <line number="32" hits="6" branch="false" />
            <line number="33" hits="6" branch="false" />
            <line number="34" hits="6" branch="false" />
            <line number="35" hits="6" branch="false" />
            <line number="36" hits="6" branch="false" />
            <line number="37" hits="6" branch="false" />
            <line number="38" hits="6" branch="false" />
            <line number="39" hits="6" branch="false" />
            <line number="40" hits="6" branch="false" />
            <line number="41" hits="6" branch="false" />
            <line number="42" hits="6" branch="false" />
            <line number="43" hits="6" branch="false" />
            <line number="44" hits="6" branch="false" />
            <line number="45" hits="13" branch="false" />
            <line number="47" hits="7" branch="false" />
            <line number="48" hits="7" branch="false" />
            <line number="49" hits="7" branch="false" />
            <line number="50" hits="7" branch="false" />
            <line number="51" hits="14" branch="false" />
            <line number="52" hits="7" branch="false" />
            <line number="53" hits="7" branch="false" />
            <line number="54" hits="14" branch="false" />
            <line number="55" hits="14" branch="false" />
            <line number="56" hits="14" branch="false" />
            <line number="57" hits="14" branch="false" />
            <line number="59" hits="7" branch="false" />
            <line number="60" hits="7" branch="false" />
            <line number="61" hits="7" branch="false" />
            <line number="62" hits="7" branch="false" />
            <line number="63" hits="7" branch="false" />
          </lines>
        </class>
        <class name="PropertyHub.Api.Authentication.JwtOptions" filename="backend\PropertyHub.Api\Authentication\JwtOptions.cs" line-rate="1" branch-rate="1" complexity="4">
          <methods>
            <method name="get_Issuer" signature="()" line-rate="1" branch-rate="1" complexity="1">
              <lines>
                <line number="7" hits="86" branch="false" />
              </lines>
            </method>
            <method name="get_Audience" signature="()" line-rate="1" branch-rate="1" complexity="1">
              <lines>
                <line number="8" hits="86" branch="false" />
              </lines>
            </method>
            <method name="get_SigningKey" signature="()" line-rate="1" branch-rate="1" complexity="1">
              <lines>
                <line number="9" hits="86" branch="false" />
              </lines>
            </method>
            <method name="get_AccessTokenMinutes" signature="()" line-rate="1" branch-rate="1" complexity="1">
              <lines>
                <line number="10" hits="80" branch="false" />
              </lines>
            </method>
          </methods>
          <lines>
            <line number="7" hits="86" branch="false" />
            <line number="8" hits="86" branch="false" />
            <line number="9" hits="86" branch="false" />
            <line number="10" hits="80" branch="false" />
          </lines>
        </class>
        <class name="PropertyHub.Api.Authentication.JwtTokenService" filename="backend\PropertyHub.Api\Authentication\JwtTokenService.cs" line-rate="1" branch-rate="1" complexity="3">
          <methods>
            <method name="CreateToken" signature="(PropertyHub.Application.Models.Auth.AccountSnapshot)" line-rate="1" branch-rate="1" complexity="2">
              <lines>
                <line number="20" hits="41" branch="false" />
                <line number="21" hits="41" branch="false" />
                <line number="22" hits="41" branch="false" />
                <line number="23" hits="41" branch="true" condition-coverage="100% (2/2)" />
                <line number="24" hits="41" branch="false" />
                <line number="25" hits="41" branch="false" />
                <line number="27" hits="41" branch="false" />
                <line number="28" hits="41" branch="false" />
                <line number="29" hits="41" branch="false" />
                <line number="30" hits="41" branch="false" />
                <line number="31" hits="41" branch="false" />
                <line number="32" hits="41" branch="false" />
                <line number="33" hits="41" branch="false" />
                <line number="34" hits="41" branch="false" />
                <line number="35" hits="41" branch="false" />
                <line number="37" hits="41" branch="false" />
                <line number="38" hits="41" branch="false" />
                <line number="39" hits="41" branch="false" />
                <line number="41" hits="41" branch="false" />
                <line number="42" hits="41" branch="false" />
                <line number="43" hits="41" branch="false" />
                <line number="44" hits="41" branch="false" />
                <line number="45" hits="41" branch="false" />
                <line number="46" hits="41" branch="false" />
                <line number="47" hits="41" branch="false" />
                <line number="49" hits="41" branch="false" />
                <line number="50" hits="41" branch="false" />
                <line number="51" hits="41" branch="false" />
                <line number="52" hits="41" branch="false" />
                <line number="53" hits="41" branch="false" />
                <line number="54" hits="41" branch="false" />
              </lines>
            </method>
            <method name=".ctor" signature="(Microsoft.Extensions.Options.IOptions`1&lt;PropertyHub.Api.Authentication.JwtOptions&gt;,System.TimeProvider)" line-rate="1" branch-rate="1" complexity="1">
              <lines>
                <line number="13" hits="68" branch="false" />
                <line number="14" hits="68" branch="false" />
                <line number="15" hits="68" branch="false" />
                <line number="17" hits="68" branch="false" />
              </lines>
            </method>
          </methods>
          <lines>
            <line number="13" hits="68" branch="false" />
            <line number="14" hits="68" branch="false" />
            <line number="15" hits="68" branch="false" />
            <line number="17" hits="68" branch="false" />
            <line number="20" hits="41" branch="false" />
            <line number="21" hits="41" branch="false" />
            <line number="22" hits="41" branch="false" />
            <line number="23" hits="41" branch="true" condition-coverage="100% (2/2)" />
            <line number="24" hits="41" branch="false" />
            <line number="25" hits="41" branch="false" />
            <line number="27" hits="41" branch="false" />
            <line number="28" hits="41" branch="false" />
            <line number="29" hits="41" branch="false" />
            <line number="30" hits="41" branch="false" />
            <line number="31" hits="41" branch="false" />
            <line number="32" hits="41" branch="false" />
            <line number="33" hits="41" branch="false" />
            <line number="34" hits="41" branch="false" />
            <line number="35" hits="41" branch="false" />
            <line number="37" hits="41" branch="false" />
            <line number="38" hits="41" branch="false" />
            <line number="39" hits="41" branch="false" />
            <line number="41" hits="41" branch="false" />
            <line number="42" hits="41" branch="false" />
            <line number="43" hits="41" branch="false" />
            <line number="44" hits="41" branch="false" />
            <line number="45" hits="41" branch="false" />
            <line number="46" hits="41" branch="false" />
            <line number="47" hits="41" branch="false" />
            <line number="49" hits="41" branch="false" />
            <line number="50" hits="41" branch="false" />
            <line number="51" hits="41" branch="false" />
            <line number="52" hits="41" branch="false" />
            <line number="53" hits="41" branch="false" />
            <line number="54" hits="41" branch="false" />
          </lines>
        </class>
        <class name="PropertyHub.Api.Controllers.AdminCitiesController" filename="backend\PropertyHub.Api\Controllers\AdminCitiesController.cs" line-rate="0.84" branch-rate="0.4090909090909091" complexity="25">
          <methods>
            <method name="CreateProblem" signature="(System.Int32,System.String)" line-rate="1" branch-rate="1" complexity="1">
              <lines>
                <line number="80" hits="3" branch="false" />
                <line number="81" hits="3" branch="false" />
                <line number="82" hits="3" branch="false" />
                <line number="83" hits="3" branch="false" />
                <line number="84" hits="3" branch="false" />
                <line number="85" hits="3" branch="false" />
                <line number="86" hits="3" branch="false" />
              </lines>
            </method>
            <method name=".ctor" signature="(PropertyHub.Application.Interfaces.Services.ICityService)" line-rate="1" branch-rate="1" complexity="1">
              <lines>
                <line number="13" hits="12" branch="false" />
              </lines>
            </method>
            <method name="Create" signature="()" line-rate="0.8461538461538461" branch-rate="0.42857142857142855" complexity="7">
              <lines>
                <line number="32" hits="4" branch="false" />
                <line number="33" hits="4" branch="false" />
                <line number="34" hits="4" branch="true" condition-coverage="40% (2/5)" />
                <line number="35" hits="4" branch="false" />
                <line number="36" hits="3" branch="true" condition-coverage="50% (1/2)" />
                <line number="37" hits="3" branch="false" />
                <line number="38" hits="4" branch="false" />
                <line number="39" hits="0" branch="false" />
                <line number="40" hits="4" branch="false" />
                <line number="41" hits="1" branch="false" />
                <line number="42" hits="0" branch="false" />
                <line number="43" hits="4" branch="false" />
                <line number="44" hits="4" branch="false" />
              </lines>
            </method>
            <method name="Delete" signature="()" line-rate="0.8181818181818182" branch-rate="0.3333333333333333" complexity="6">
              <lines>
                <line number="67" hits="2" branch="false" />
                <line number="68" hits="2" branch="false" />
                <line number="69" hits="2" branch="true" condition-coverage="33% (2/6)" />
                <line number="70" hits="2" branch="false" />
                <line number="71" hits="1" branch="false" />
                <line number="72" hits="0" branch="false" />
                <line number="73" hits="2" branch="false" />
                <line number="74" hits="1" branch="false" />
                <line number="75" hits="0" branch="false" />
                <line number="76" hits="2" branch="false" />
                <line number="77" hits="2" branch="false" />
              </lines>
            </method>
            <method name="GetById" signature="()" line-rate="1" branch-rate="1" complexity="2">
              <lines>
                <line number="23" hits="2" branch="false" />
                <line number="24" hits="2" branch="false" />
                <line number="25" hits="2" branch="true" condition-coverage="100% (2/2)" />
                <line number="26" hits="2" branch="false" />
              </lines>
            </method>
            <method name="List" signature="()" line-rate="1" branch-rate="1" complexity="1">
              <lines>
                <line number="17" hits="1" branch="false" />
              </lines>
            </method>
            <method name="Update" signature="()" line-rate="0.6923076923076923" branch-rate="0.2857142857142857" complexity="7">
              <lines>
                <line number="51" hits="1" branch="false" />
                <line number="52" hits="1" branch="false" />
                <line number="53" hits="1" branch="true" condition-coverage="20% (1/5)" />
                <line number="54" hits="1" branch="false" />
                <line number="55" hits="2" branch="true" condition-coverage="50% (1/2)" />
                <line number="56" hits="0" branch="false" />
                <line number="57" hits="1" branch="false" />
                <line number="58" hits="0" branch="false" />
                <line number="59" hits="1" branch="false" />
                <line number="60" hits="0" branch="false" />
                <line number="61" hits="0" branch="false" />
                <line number="62" hits="1" branch="false" />
                <line number="63" hits="1" branch="false" />
              </lines>
            </method>
          </methods>
          <lines>
            <line number="13" hits="12" branch="false" />
            <line number="17" hits="1" branch="false" />
            <line number="23" hits="2" branch="false" />
            <line number="24" hits="2" branch="false" />
            <line number="25" hits="2" branch="true" condition-coverage="100% (2/2)" />
            <line number="26" hits="2" branch="false" />
            <line number="32" hits="4" branch="false" />
            <line number="33" hits="4" branch="false" />
            <line number="34" hits="4" branch="true" condition-coverage="40% (2/5)" />
            <line number="35" hits="4" branch="false" />
            <line number="36" hits="3" branch="true" condition-coverage="50% (1/2)" />
            <line number="37" hits="3" branch="false" />
            <line number="38" hits="4" branch="false" />
            <line number="39" hits="0" branch="false" />
            <line number="40" hits="4" branch="false" />
            <line number="41" hits="1" branch="false" />
            <line number="42" hits="0" branch="false" />
            <line number="43" hits="4" branch="false" />
            <line number="44" hits="4" branch="false" />
            <line number="51" hits="1" branch="false" />
            <line number="52" hits="1" branch="false" />
            <line number="53" hits="1" branch="true" condition-coverage="20% (1/5)" />
            <line number="54" hits="1" branch="false" />
            <line number="55" hits="2" branch="true" condition-coverage="50% (1/2)" />
            <line number="56" hits="0" branch="false" />
            <line number="57" hits="1" branch="false" />
            <line number="58" hits="0" branch="false" />
            <line number="59" hits="1" branch="false" />
            <line number="60" hits="0" branch="false" />
            <line number="61" hits="0" branch="false" />
            <line number="62" hits="1" branch="false" />
            <line number="63" hits="1" branch="false" />
            <line number="67" hits="2" branch="false" />
            <line number="68" hits="2" branch="false" />
            <line number="69" hits="2" branch="true" condition-coverage="33% (2/6)" />
            <line number="70" hits="2" branch="false" />
            <line number="71" hits="1" branch="false" />
            <line number="72" hits="0" branch="false" />
            <line number="73" hits="2" branch="false" />
            <line number="74" hits="1" branch="false" />
            <line number="75" hits="0" branch="false" />
            <line number="76" hits="2" branch="false" />
            <line number="77" hits="2" branch="false" />
            <line number="80" hits="3" branch="false" />
            <line number="81" hits="3" branch="false" />
            <line number="82" hits="3" branch="false" />
            <line number="83" hits="3" branch="false" />
            <line number="84" hits="3" branch="false" />
            <line number="85" hits="3" branch="false" />
            <line number="86" hits="3" branch="false" />
          </lines>
        </class>
        <class name="PropertyHub.Api.Controllers.AdminController" filename="backend\PropertyHub.Api\Controllers\AdminController.cs" line-rate="0.9591836734693877" branch-rate="0.65" complexity="26">
          <methods>
            <method name="MapMutation" signature="(PropertyHub.Application.Models.Admin.AdminUserMutationResult)" line-rate="0.8571428571428571" branch-rate="0.5714285714285714" complexity="14">
              <lines>
                <line number="66" hits="10" branch="true" condition-coverage="67% (4/6)" />
                <line number="67" hits="10" branch="false" />
                <line number="68" hits="8" branch="true" condition-coverage="50% (1/2)" />
                <line number="69" hits="0" branch="false" />
                <line number="70" hits="10" branch="false" />
                <line number="71" hits="2" branch="true" condition-coverage="50% (1/2)" />
                <line number="72" hits="10" branch="false" />
                <line number="73" hits="3" branch="true" condition-coverage="50% (1/2)" />
                <line number="74" hits="10" branch="false" />
                <line number="75" hits="1" branch="true" condition-coverage="50% (1/2)" />
                <line number="76" hits="1" branch="false" />
                <line number="77" hits="1" branch="false" />
                <line number="78" hits="0" branch="false" />
                <line number="79" hits="10" branch="false" />
              </lines>
            </method>
            <method name="CurrentUserId" signature="()" line-rate="1" branch-rate="1" complexity="1">
              <lines>
                <line number="82" hits="10" branch="false" />
              </lines>
            </method>
            <method name="CreateProblem" signature="(System.Int32,System.String)" line-rate="1" branch-rate="1" complexity="1">
              <lines>
                <line number="85" hits="7" branch="false" />
                <line number="86" hits="7" branch="false" />
                <line number="87" hits="7" branch="false" />
                <line number="88" hits="7" branch="false" />
                <line number="89" hits="7" branch="false" />
                <line number="90" hits="7" branch="false" />
                <line number="91" hits="7" branch="false" />
              </lines>
            </method>
            <method name=".ctor" signature="(PropertyHub.Application.Interfaces.Services.IAdminService)" line-rate="1" branch-rate="1" complexity="1">
              <lines>
                <line number="14" hits="19" branch="false" />
              </lines>
            </method>
            <method name="ChangeRole" signature="()" line-rate="1" branch-rate="1" complexity="1">
              <lines>
                <line number="38" hits="5" branch="false" />
                <line number="39" hits="5" branch="false" />
                <line number="40" hits="5" branch="false" />
                <line number="41" hits="5" branch="false" />
                <line number="42" hits="5" branch="false" />
                <line number="43" hits="5" branch="false" />
                <line number="44" hits="5" branch="false" />
                <line number="45" hits="5" branch="false" />
                <line number="46" hits="5" branch="false" />
              </lines>
            </method>
            <method name="ChangeStatus" signature="()" line-rate="1" branch-rate="1" complexity="1">
              <lines>
                <line number="54" hits="5" branch="false" />
                <line number="55" hits="5" branch="false" />
                <line number="56" hits="5" branch="false" />
                <line number="57" hits="5" branch="false" />
                <line number="58" hits="5" branch="false" />
                <line number="59" hits="5" branch="false" />
                <line number="60" hits="5" branch="false" />
                <line number="61" hits="5" branch="false" />
                <line number="62" hits="5" branch="false" />
                <line number="63" hits="5" branch="false" />
              </lines>
            </method>
            <method name="Dashboard" signature="()" line-rate="1" branch-rate="1" complexity="1">
              <lines>
                <line number="19" hits="1" branch="false" />
              </lines>
            </method>
            <method name="ListUsers" signature="()" line-rate="1" branch-rate="0.8333333333333334" complexity="6">
              <lines>
                <line number="25" hits="8" branch="false" />
                <line number="26" hits="8" branch="false" />
                <line number="27" hits="8" branch="true" condition-coverage="83% (5/6)" />
                <line number="28" hits="8" branch="false" />
                <line number="29" hits="8" branch="false" />
                <line number="30" hits="8" branch="false" />
              </lines>
            </method>
          </methods>
          <lines>
            <line number="14" hits="19" branch="false" />
            <line number="19" hits="1" branch="false" />
            <line number="25" hits="8" branch="false" />
            <line number="26" hits="8" branch="false" />
            <line number="27" hits="8" branch="true" condition-coverage="83% (5/6)" />
            <line number="28" hits="8" branch="false" />
            <line number="29" hits="8" branch="false" />
            <line number="30" hits="8" branch="false" />
            <line number="38" hits="5" branch="false" />
            <line number="39" hits="5" branch="false" />
            <line number="40" hits="5" branch="false" />
            <line number="41" hits="5" branch="false" />
            <line number="42" hits="5" branch="false" />
            <line number="43" hits="5" branch="false" />
            <line number="44" hits="5" branch="false" />
            <line number="45" hits="5" branch="false" />
            <line number="46" hits="5" branch="false" />
            <line number="54" hits="5" branch="false" />
            <line number="55" hits="5" branch="false" />
            <line number="56" hits="5" branch="false" />
            <line number="57" hits="5" branch="false" />
            <line number="58" hits="5" branch="false" />
            <line number="59" hits="5" branch="false" />
            <line number="60" hits="5" branch="false" />
            <line number="61" hits="5" branch="false" />
            <line number="62" hits="5" branch="false" />
            <line number="63" hits="5" branch="false" />
            <line number="66" hits="10" branch="true" condition-coverage="67% (4/6)" />
            <line number="67" hits="10" branch="false" />
            <line number="68" hits="8" branch="true" condition-coverage="50% (1/2)" />
            <line number="69" hits="0" branch="false" />
            <line number="70" hits="10" branch="false" />
            <line number="71" hits="2" branch="true" condition-coverage="50% (1/2)" />
            <line number="72" hits="10" branch="false" />
            <line number="73" hits="3" branch="true" condition-coverage="50% (1/2)" />
            <line number="74" hits="10" branch="false" />
            <line number="75" hits="1" branch="true" condition-coverage="50% (1/2)" />
            <line number="76" hits="1" branch="false" />
            <line number="77" hits="1" branch="false" />
            <line number="78" hits="0" branch="false" />
            <line number="79" hits="10" branch="false" />
            <line number="82" hits="10" branch="false" />
            <line number="85" hits="7" branch="false" />
            <line number="86" hits="7" branch="false" />
            <line number="87" hits="7" branch="false" />
            <line number="88" hits="7" branch="false" />
            <line number="89" hits="7" branch="false" />
            <line number="90" hits="7" branch="false" />
            <line number="91" hits="7" branch="false" />
          </lines>
        </class>
        <class name="PropertyHub.Api.Controllers.AdminPropertiesController" filename="backend\PropertyHub.Api\Controllers\AdminPropertiesController.cs" line-rate="0.8888888888888888" branch-rate="0.46153846153846156" complexity="16">
          <methods>
            <method name="CreateProblem" signature="(System.Int32,System.String)" line-rate="1" branch-rate="1" complexity="1">
              <lines>
                <line number="48" hits="2" branch="false" />
                <line number="49" hits="2" branch="false" />
                <line number="50" hits="2" branch="false" />
                <line number="51" hits="2" branch="false" />
                <line number="52" hits="2" branch="false" />
                <line number="53" hits="2" branch="false" />
                <line number="54" hits="2" branch="false" />
              </lines>
            </method>
            <method name=".ctor" signature="(PropertyHub.Application.Interfaces.Services.IPropertyService)" line-rate="1" branch-rate="1" complexity="1">
              <lines>
                <line number="15" hits="7" branch="false" />
              </lines>
            </method>
            <method name="List" signature="()" line-rate="0" branch-rate="1" complexity="1">
              <lines>
                <line number="21" hits="0" branch="false" />
              </lines>
            </method>
            <method name="Moderate" signature="()" line-rate="0.8888888888888888" branch-rate="0.46153846153846156" complexity="13">
              <lines>
                <line number="28" hits="7" branch="false" />
                <line number="29" hits="7" branch="false" />
                <line number="30" hits="7" branch="false" />
                <line number="31" hits="7" branch="false" />
                <line number="32" hits="7" branch="false" />
                <line number="33" hits="7" branch="false" />
                <line number="34" hits="7" branch="true" condition-coverage="43% (3/7)" />
                <line number="35" hits="7" branch="false" />
                <line number="36" hits="10" branch="true" condition-coverage="50% (1/2)" />
                <line number="37" hits="7" branch="false" />
                <line number="38" hits="0" branch="false" />
                <line number="39" hits="7" branch="false" />
                <line number="40" hits="1" branch="true" condition-coverage="50% (1/2)" />
                <line number="41" hits="7" branch="false" />
                <line number="42" hits="1" branch="true" condition-coverage="50% (1/2)" />
                <line number="43" hits="0" branch="false" />
                <line number="44" hits="7" branch="false" />
                <line number="45" hits="7" branch="false" />
              </lines>
            </method>
          </methods>
          <lines>
            <line number="15" hits="7" branch="false" />
            <line number="21" hits="0" branch="false" />
            <line number="28" hits="7" branch="false" />
            <line number="29" hits="7" branch="false" />
            <line number="30" hits="7" branch="false" />
            <line number="31" hits="7" branch="false" />
            <line number="32" hits="7" branch="false" />
            <line number="33" hits="7" branch="false" />
            <line number="34" hits="7" branch="true" condition-coverage="43% (3/7)" />
            <line number="35" hits="7" branch="false" />
            <line number="36" hits="10" branch="true" condition-coverage="50% (1/2)" />
            <line number="37" hits="7" branch="false" />
            <line number="38" hits="0" branch="false" />
            <line number="39" hits="7" branch="false" />
            <line number="40" hits="1" branch="true" condition-coverage="50% (1/2)" />
            <line number="41" hits="7" branch="false" />
            <line number="42" hits="1" branch="true" condition-coverage="50% (1/2)" />
            <line number="43" hits="0" branch="false" />
            <line number="44" hits="7" branch="false" />
            <line number="45" hits="7" branch="false" />
            <line number="48" hits="2" branch="false" />
            <line number="49" hits="2" branch="false" />
            <line number="50" hits="2" branch="false" />
            <line number="51" hits="2" branch="false" />
            <line number="52" hits="2" branch="false" />
            <line number="53" hits="2" branch="false" />
            <line number="54" hits="2" branch="false" />
          </lines>
        </class>
        <class name="PropertyHub.Api.Controllers.AuthController" filename="backend\PropertyHub.Api\Controllers\AuthController.cs" line-rate="0.7916666666666666" branch-rate="0.6875" complexity="18">
          <methods>
            <method name="CreateProblem" signature="(System.Int32,System.String)" line-rate="1" branch-rate="1" complexity="1">
              <lines>
                <line number="83" hits="3" branch="false" />
                <line number="84" hits="3" branch="false" />
                <line number="85" hits="3" branch="false" />
                <line number="86" hits="3" branch="false" />
                <line number="87" hits="3" branch="false" />
                <line number="88" hits="3" branch="false" />
                <line number="89" hits="3" branch="false" />
              </lines>
            </method>
            <method name=".ctor" signature="(PropertyHub.Application.Interfaces.Services.IAuthService)" line-rate="1" branch-rate="1" complexity="1">
              <lines>
                <line number="14" hits="68" branch="false" />
              </lines>
            </method>
            <method name="AdminSession" signature="()" line-rate="1" branch-rate="0.5" complexity="2">
              <lines>
                <line number="69" hits="2" branch="false" />
                <line number="70" hits="2" branch="false" />
                <line number="71" hits="2" branch="true" condition-coverage="50% (1/2)" />
                <line number="72" hits="2" branch="false" />
              </lines>
            </method>
            <method name="GetCurrentUserAsync" signature="()" line-rate="1" branch-rate="0.5" complexity="2">
              <lines>
                <line number="75" hits="3" branch="false" />
                <line number="76" hits="3" branch="false" />
                <line number="77" hits="3" branch="true" condition-coverage="50% (1/2)" />
                <line number="78" hits="3" branch="false" />
                <line number="79" hits="3" branch="false" />
                <line number="80" hits="3" branch="false" />
              </lines>
            </method>
            <method name="Login" signature="()" line-rate="1" branch-rate="1" complexity="6">
              <lines>
                <line number="46" hits="44" branch="false" />
                <line number="47" hits="44" branch="false" />
                <line number="48" hits="44" branch="true" condition-coverage="100% (4/4)" />
                <line number="49" hits="44" branch="false" />
                <line number="50" hits="82" branch="true" condition-coverage="100% (2/2)" />
                <line number="51" hits="2" branch="false" />
                <line number="52" hits="2" branch="false" />
                <line number="53" hits="2" branch="false" />
                <line number="54" hits="1" branch="false" />
                <line number="55" hits="44" branch="false" />
                <line number="56" hits="44" branch="false" />
              </lines>
            </method>
            <method name="Me" signature="()" line-rate="1" branch-rate="0.5" complexity="2">
              <lines>
                <line number="61" hits="1" branch="false" />
                <line number="62" hits="1" branch="false" />
                <line number="63" hits="1" branch="true" condition-coverage="50% (1/2)" />
                <line number="64" hits="1" branch="false" />
              </lines>
            </method>
            <method name="Register" signature="()" line-rate="0.3333333333333333" branch-rate="0.5" complexity="4">
              <lines>
                <line number="22" hits="20" branch="false" />
                <line number="23" hits="20" branch="false" />
                <line number="24" hits="20" branch="true" condition-coverage="50% (2/4)" />
                <line number="25" hits="0" branch="false" />
                <line number="26" hits="0" branch="false" />
                <line number="27" hits="0" branch="false" />
                <line number="28" hits="0" branch="false" />
                <line number="29" hits="0" branch="false" />
                <line number="30" hits="0" branch="false" />
                <line number="31" hits="0" branch="false" />
                <line number="32" hits="0" branch="false" />
                <line number="33" hits="0" branch="false" />
                <line number="34" hits="0" branch="false" />
                <line number="37" hits="20" branch="false" />
                <line number="38" hits="20" branch="false" />
              </lines>
            </method>
          </methods>
          <lines>
            <line number="14" hits="68" branch="false" />
            <line number="22" hits="20" branch="false" />
            <line number="23" hits="20" branch="false" />
            <line number="24" hits="20" branch="true" condition-coverage="50% (2/4)" />
            <line number="25" hits="0" branch="false" />
            <line number="26" hits="0" branch="false" />
            <line number="27" hits="0" branch="false" />
            <line number="28" hits="0" branch="false" />
            <line number="29" hits="0" branch="false" />
            <line number="30" hits="0" branch="false" />
            <line number="31" hits="0" branch="false" />
            <line number="32" hits="0" branch="false" />
            <line number="33" hits="0" branch="false" />
            <line number="34" hits="0" branch="false" />
            <line number="37" hits="20" branch="false" />
            <line number="38" hits="20" branch="false" />
            <line number="46" hits="44" branch="false" />
            <line number="47" hits="44" branch="false" />
            <line number="48" hits="44" branch="true" condition-coverage="100% (4/4)" />
            <line number="49" hits="44" branch="false" />
            <line number="50" hits="82" branch="true" condition-coverage="100% (2/2)" />
            <line number="51" hits="2" branch="false" />
            <line number="52" hits="2" branch="false" />
            <line number="53" hits="2" branch="false" />
            <line number="54" hits="1" branch="false" />
            <line number="55" hits="44" branch="false" />
            <line number="56" hits="44" branch="false" />
            <line number="61" hits="1" branch="false" />
            <line number="62" hits="1" branch="false" />
            <line number="63" hits="1" branch="true" condition-coverage="50% (1/2)" />
            <line number="64" hits="1" branch="false" />
            <line number="69" hits="2" branch="false" />
            <line number="70" hits="2" branch="false" />
            <line number="71" hits="2" branch="true" condition-coverage="50% (1/2)" />
            <line number="72" hits="2" branch="false" />
            <line number="75" hits="3" branch="false" />
            <line number="76" hits="3" branch="false" />
            <line number="77" hits="3" branch="true" condition-coverage="50% (1/2)" />
            <line number="78" hits="3" branch="false" />
            <line number="79" hits="3" branch="false" />
            <line number="80" hits="3" branch="false" />
            <line number="83" hits="3" branch="false" />
            <line number="84" hits="3" branch="false" />
            <line number="85" hits="3" branch="false" />
            <line number="86" hits="3" branch="false" />
            <line number="87" hits="3" branch="false" />
            <line number="88" hits="3" branch="false" />
            <line number="89" hits="3" branch="false" />
          </lines>
        </class>
        <class name="PropertyHub.Api.Controllers.CitiesController" filename="backend\PropertyHub.Api\Controllers\CitiesController.cs" line-rate="1" branch-rate="1" complexity="2">
          <methods>
            <method name=".ctor" signature="(PropertyHub.Application.Interfaces.Services.ICityService)" line-rate="1" branch-rate="1" complexity="1">
              <lines>
                <line number="10" hits="1" branch="false" />
              </lines>
            </method>
            <method name="List" signature="()" line-rate="1" branch-rate="1" complexity="1">
              <lines>
                <line number="15" hits="1" branch="false" />
              </lines>
            </method>
          </methods>
          <lines>
            <line number="10" hits="1" branch="false" />
            <line number="15" hits="1" branch="false" />
          </lines>
        </class>
        <class name="PropertyHub.Api.Controllers.MyPropertiesController" filename="backend\PropertyHub.Api\Controllers\MyPropertiesController.cs" line-rate="1" branch-rate="0.5" complexity="6">
          <methods>
            <method name="GetUserId" signature="()" line-rate="1" branch-rate="1" complexity="1">
              <lines>
                <line number="33" hits="3" branch="false" />
              </lines>
            </method>
            <method name="CreateProblem" signature="(System.Int32,System.String)" line-rate="1" branch-rate="1" complexity="1">
              <lines>
                <line number="36" hits="2" branch="false" />
                <line number="37" hits="2" branch="false" />
                <line number="38" hits="2" branch="false" />
                <line number="39" hits="2" branch="false" />
                <line number="40" hits="2" branch="false" />
                <line number="41" hits="2" branch="false" />
                <line number="42" hits="2" branch="false" />
              </lines>
            </method>
            <method name=".ctor" signature="(PropertyHub.Application.Interfaces.Services.IPropertyService)" line-rate="1" branch-rate="1" complexity="1">
              <lines>
                <line number="13" hits="3" branch="false" />
              </lines>
            </method>
            <method name="GetById" signature="()" line-rate="1" branch-rate="0.5" complexity="2">
              <lines>
                <line number="24" hits="2" branch="false" />
                <line number="25" hits="2" branch="false" />
                <line number="26" hits="2" branch="false" />
                <line number="27" hits="2" branch="false" />
                <line number="28" hits="2" branch="false" />
                <line number="29" hits="2" branch="true" condition-coverage="50% (1/2)" />
                <line number="30" hits="2" branch="false" />
              </lines>
            </method>
            <method name="List" signature="()" line-rate="1" branch-rate="1" complexity="1">
              <lines>
                <line number="18" hits="1" branch="false" />
              </lines>
            </method>
          </methods>
          <lines>
            <line number="13" hits="3" branch="false" />
            <line number="18" hits="1" branch="false" />
            <line number="24" hits="2" branch="false" />
            <line number="25" hits="2" branch="false" />
            <line number="26" hits="2" branch="false" />
            <line number="27" hits="2" branch="false" />
            <line number="28" hits="2" branch="false" />
            <line number="29" hits="2" branch="true" condition-coverage="50% (1/2)" />
            <line number="30" hits="2" branch="false" />
            <line number="33" hits="3" branch="false" />
            <line number="36" hits="2" branch="false" />
            <line number="37" hits="2" branch="false" />
            <line number="38" hits="2" branch="false" />
            <line number="39" hits="2" branch="false" />
            <line number="40" hits="2" branch="false" />
            <line number="41" hits="2" branch="false" />
            <line number="42" hits="2" branch="false" />
          </lines>
        </class>
        <class name="PropertyHub.Api.Controllers.PropertiesController" filename="backend\PropertyHub.Api\Controllers\PropertiesController.cs" line-rate="0.9846153846153847" branch-rate="0.8571428571428571" complexity="32">
          <methods>
            <method name="MapMutation" signature="(PropertyHub.Application.Models.Properties.PropertyMutationResult)" line-rate="0.9166666666666666" branch-rate="0.6666666666666666" complexity="12">
              <lines>
                <line number="96" hits="5" branch="true" condition-coverage="83% (5/6)" />
                <line number="97" hits="5" branch="false" />
                <line number="98" hits="5" branch="false" />
                <line number="99" hits="1" branch="false" />
                <line number="100" hits="5" branch="false" />
                <line number="101" hits="1" branch="true" condition-coverage="50% (1/2)" />
                <line number="102" hits="5" branch="false" />
                <line number="103" hits="1" branch="true" condition-coverage="50% (1/2)" />
                <line number="104" hits="5" branch="false" />
                <line number="105" hits="2" branch="true" condition-coverage="50% (1/2)" />
                <line number="106" hits="0" branch="false" />
                <line number="107" hits="5" branch="false" />
              </lines>
            </method>
            <method name="GetUserId" signature="()" line-rate="1" branch-rate="1" complexity="1">
              <lines>
                <line number="110" hits="19" branch="false" />
              </lines>
            </method>
            <method name="CreateProblem" signature="(System.Int32,System.String)" line-rate="1" branch-rate="1" complexity="1">
              <lines>
                <line number="113" hits="10" branch="false" />
                <line number="114" hits="10" branch="false" />
                <line number="115" hits="10" branch="false" />
                <line number="116" hits="10" branch="false" />
                <line number="117" hits="10" branch="false" />
                <line number="118" hits="10" branch="false" />
                <line number="119" hits="10" branch="false" />
              </lines>
            </method>
            <method name=".ctor" signature="(PropertyHub.Application.Interfaces.Services.IPropertyService)" line-rate="1" branch-rate="1" complexity="1">
              <lines>
                <line number="13" hits="26" branch="false" />
              </lines>
            </method>
            <method name="Create" signature="()" line-rate="1" branch-rate="1" complexity="4">
              <lines>
                <line number="37" hits="13" branch="false" />
                <line number="38" hits="13" branch="false" />
                <line number="39" hits="13" branch="true" condition-coverage="100% (2/2)" />
                <line number="40" hits="13" branch="false" />
                <line number="41" hits="10" branch="true" condition-coverage="100% (2/2)" />
                <line number="42" hits="10" branch="false" />
                <line number="43" hits="10" branch="false" />
                <line number="44" hits="10" branch="false" />
                <line number="45" hits="10" branch="false" />
                <line number="46" hits="10" branch="false" />
                <line number="47" hits="3" branch="false" />
                <line number="48" hits="13" branch="false" />
                <line number="49" hits="13" branch="false" />
              </lines>
            </method>
            <method name="Delete" signature="()" line-rate="1" branch-rate="1" complexity="2">
              <lines>
                <line number="88" hits="2" branch="false" />
                <line number="89" hits="2" branch="false" />
                <line number="90" hits="2" branch="true" condition-coverage="100% (2/2)" />
                <line number="91" hits="2" branch="false" />
                <line number="92" hits="2" branch="false" />
                <line number="93" hits="2" branch="false" />
              </lines>
            </method>
            <method name="GetById" signature="()" line-rate="1" branch-rate="1" complexity="2">
              <lines>
                <line number="27" hits="6" branch="false" />
                <line number="28" hits="6" branch="false" />
                <line number="29" hits="6" branch="true" condition-coverage="100% (2/2)" />
                <line number="30" hits="6" branch="false" />
              </lines>
            </method>
            <method name="List" signature="()" line-rate="1" branch-rate="1" complexity="1">
              <lines>
                <line number="20" hits="1" branch="false" />
              </lines>
            </method>
            <method name="Update" signature="()" line-rate="1" branch-rate="1" complexity="4">
              <lines>
                <line number="57" hits="2" branch="false" />
                <line number="58" hits="2" branch="false" />
                <line number="59" hits="2" branch="false" />
                <line number="60" hits="2" branch="false" />
                <line number="61" hits="2" branch="false" />
                <line number="62" hits="2" branch="false" />
                <line number="63" hits="2" branch="true" condition-coverage="100% (4/4)" />
                <line number="64" hits="2" branch="false" />
                <line number="65" hits="2" branch="false" />
                <line number="66" hits="2" branch="false" />
              </lines>
            </method>
            <method name="UpdateAvailability" signature="()" line-rate="1" branch-rate="1" complexity="4">
              <lines>
                <line number="74" hits="2" branch="false" />
                <line number="75" hits="2" branch="false" />
                <line number="76" hits="2" branch="false" />
                <line number="77" hits="2" branch="false" />
                <line number="78" hits="2" branch="false" />
                <line number="79" hits="2" branch="false" />
                <line number="80" hits="2" branch="true" condition-coverage="100% (4/4)" />
                <line number="81" hits="2" branch="false" />
                <line number="82" hits="2" branch="false" />
                <line number="83" hits="2" branch="false" />
              </lines>
            </method>
          </methods>
          <lines>
            <line number="13" hits="26" branch="false" />
            <line number="20" hits="1" branch="false" />
            <line number="27" hits="6" branch="false" />
            <line number="28" hits="6" branch="false" />
            <line number="29" hits="6" branch="true" condition-coverage="100% (2/2)" />
            <line number="30" hits="6" branch="false" />
            <line number="37" hits="13" branch="false" />
            <line number="38" hits="13" branch="false" />
            <line number="39" hits="13" branch="true" condition-coverage="100% (2/2)" />
            <line number="40" hits="13" branch="false" />
            <line number="41" hits="10" branch="true" condition-coverage="100% (2/2)" />
            <line number="42" hits="10" branch="false" />
            <line number="43" hits="10" branch="false" />
            <line number="44" hits="10" branch="false" />
            <line number="45" hits="10" branch="false" />
            <line number="46" hits="10" branch="false" />
            <line number="47" hits="3" branch="false" />
            <line number="48" hits="13" branch="false" />
            <line number="49" hits="13" branch="false" />
            <line number="57" hits="2" branch="false" />
            <line number="58" hits="2" branch="false" />
            <line number="59" hits="2" branch="false" />
            <line number="60" hits="2" branch="false" />
            <line number="61" hits="2" branch="false" />
            <line number="62" hits="2" branch="false" />
            <line number="63" hits="2" branch="true" condition-coverage="100% (4/4)" />
            <line number="64" hits="2" branch="false" />
            <line number="65" hits="2" branch="false" />
            <line number="66" hits="2" branch="false" />
            <line number="74" hits="2" branch="false" />
            <line number="75" hits="2" branch="false" />
            <line number="76" hits="2" branch="false" />
            <line number="77" hits="2" branch="false" />
            <line number="78" hits="2" branch="false" />
            <line number="79" hits="2" branch="false" />
            <line number="80" hits="2" branch="true" condition-coverage="100% (4/4)" />
            <line number="81" hits="2" branch="false" />
            <line number="82" hits="2" branch="false" />
            <line number="83" hits="2" branch="false" />
            <line number="88" hits="2" branch="false" />
            <line number="89" hits="2" branch="false" />
            <line number="90" hits="2" branch="true" condition-coverage="100% (2/2)" />
            <line number="91" hits="2" branch="false" />
            <line number="92" hits="2" branch="false" />
            <line number="93" hits="2" branch="false" />
            <line number="96" hits="5" branch="true" condition-coverage="83% (5/6)" />
            <line number="97" hits="5" branch="false" />
            <line number="98" hits="5" branch="false" />
            <line number="99" hits="1" branch="false" />
            <line number="100" hits="5" branch="false" />
            <line number="101" hits="1" branch="true" condition-coverage="50% (1/2)" />
            <line number="102" hits="5" branch="false" />
            <line number="103" hits="1" branch="true" condition-coverage="50% (1/2)" />
            <line number="104" hits="5" branch="false" />
            <line number="105" hits="2" branch="true" condition-coverage="50% (1/2)" />
            <line number="106" hits="0" branch="false" />
            <line number="107" hits="5" branch="false" />
            <line number="110" hits="19" branch="false" />
            <line number="113" hits="10" branch="false" />
            <line number="114" hits="10" branch="false" />
            <line number="115" hits="10" branch="false" />
            <line number="116" hits="10" branch="false" />
            <line number="117" hits="10" branch="false" />
            <line number="118" hits="10" branch="false" />
            <line number="119" hits="10" branch="false" />
          </lines>
        </class>
        <class name="PropertyHub.Api.Controllers.PropertyImagesController" filename="backend\PropertyHub.Api\Controllers\PropertyImagesController.cs" line-rate="0.9775280898876404" branch-rate="0.6666666666666666" complexity="38">
          <methods>
            <method name="MapMutation" signature="(PropertyHub.Application.Models.Properties.PropertyImageMutationResult)" line-rate="0.875" branch-rate="0.5294117647058824" complexity="17">
              <lines>
                <line number="122" hits="13" branch="true" condition-coverage="71% (5/7)" />
                <line number="123" hits="13" branch="false" />
                <line number="124" hits="9" branch="true" condition-coverage="50% (1/2)" />
                <line number="125" hits="9" branch="false" />
                <line number="126" hits="13" branch="false" />
                <line number="127" hits="1" branch="false" />
                <line number="128" hits="13" branch="false" />
                <line number="129" hits="1" branch="true" condition-coverage="50% (1/2)" />
                <line number="130" hits="13" branch="false" />
                <line number="131" hits="1" branch="true" condition-coverage="50% (1/2)" />
                <line number="132" hits="13" branch="false" />
                <line number="133" hits="0" branch="true" condition-coverage="0% (0/2)" />
                <line number="134" hits="13" branch="false" />
                <line number="135" hits="1" branch="true" condition-coverage="50% (1/2)" />
                <line number="136" hits="0" branch="false" />
                <line number="137" hits="13" branch="false" />
              </lines>
            </method>
            <method name="GetUserId" signature="()" line-rate="1" branch-rate="1" complexity="1">
              <lines>
                <line number="140" hits="13" branch="false" />
              </lines>
            </method>
            <method name="CreateProblem" signature="(System.Int32,System.String)" line-rate="1" branch-rate="1" complexity="1">
              <lines>
                <line number="143" hits="5" branch="false" />
                <line number="144" hits="5" branch="false" />
                <line number="145" hits="5" branch="false" />
                <line number="146" hits="5" branch="false" />
                <line number="147" hits="5" branch="false" />
                <line number="148" hits="5" branch="false" />
                <line number="149" hits="5" branch="false" />
              </lines>
            </method>
            <method name=".ctor" signature="(PropertyHub.Application.Interfaces.Services.IPropertyImageService,Microsoft.AspNetCore.Authorization.IAuthorizationService)" line-rate="1" branch-rate="1" complexity="1">
              <lines>
                <line number="15" hits="16" branch="false" />
                <line number="16" hits="16" branch="false" />
                <line number="17" hits="16" branch="false" />
              </lines>
            </method>
            <method name="Delete" signature="()" line-rate="1" branch-rate="1" complexity="1">
              <lines>
                <line number="75" hits="2" branch="false" />
                <line number="76" hits="2" branch="false" />
                <line number="77" hits="2" branch="false" />
                <line number="78" hits="2" branch="false" />
                <line number="79" hits="2" branch="false" />
              </lines>
            </method>
            <method name="Get" signature="()" line-rate="1" branch-rate="0.8333333333333334" complexity="12">
              <lines>
                <line number="87" hits="3" branch="false" />
                <line number="88" hits="3" branch="false" />
                <line number="89" hits="3" branch="false" />
                <line number="90" hits="3" branch="true" condition-coverage="75% (3/4)" />
                <line number="91" hits="1" branch="false" />
                <line number="92" hits="1" branch="false" />
                <line number="93" hits="1" branch="false" />
                <line number="94" hits="1" branch="false" />
                <line number="95" hits="1" branch="true" condition-coverage="75% (3/4)" />
                <line number="96" hits="1" branch="false" />
                <line number="97" hits="1" branch="false" />
                <line number="98" hits="1" branch="false" />
                <line number="99" hits="1" branch="false" />
                <line number="100" hits="1" branch="false" />
                <line number="101" hits="1" branch="false" />
                <line number="103" hits="3" branch="false" />
                <line number="104" hits="3" branch="false" />
                <line number="105" hits="3" branch="false" />
                <line number="106" hits="3" branch="false" />
                <line number="107" hits="3" branch="false" />
                <line number="108" hits="3" branch="false" />
                <line number="109" hits="3" branch="true" condition-coverage="100% (2/2)" />
                <line number="110" hits="1" branch="false" />
                <line number="111" hits="1" branch="false" />
                <line number="114" hits="2" branch="true" condition-coverage="100% (2/2)" />
                <line number="115" hits="2" branch="false" />
                <line number="116" hits="2" branch="false" />
                <line number="117" hits="2" branch="false" />
                <line number="118" hits="2" branch="false" />
                <line number="119" hits="3" branch="false" />
              </lines>
            </method>
            <method name="SetPrimary" signature="()" line-rate="1" branch-rate="1" complexity="1">
              <lines>
                <line number="63" hits="1" branch="false" />
                <line number="64" hits="1" branch="false" />
                <line number="65" hits="1" branch="false" />
                <line number="66" hits="1" branch="false" />
                <line number="67" hits="1" branch="false" />
              </lines>
            </method>
            <method name="Upload" signature="()" line-rate="1" branch-rate="0.75" complexity="4">
              <lines>
                <line number="30" hits="10" branch="false" />
                <line number="31" hits="10" branch="false" />
                <line number="32" hits="15" branch="false" />
                <line number="33" hits="15" branch="false" />
                <line number="34" hits="15" branch="false" />
                <line number="35" hits="15" branch="false" />
                <line number="36" hits="15" branch="false" />
                <line number="37" hits="10" branch="false" />
                <line number="40" hits="10" branch="false" />
                <line number="41" hits="10" branch="false" />
                <line number="42" hits="10" branch="false" />
                <line number="43" hits="10" branch="false" />
                <line number="44" hits="10" branch="false" />
                <line number="45" hits="10" branch="false" />
                <line number="46" hits="10" branch="false" />
                <line number="49" hits="10" branch="false" />
                <line number="50" hits="60" branch="true" condition-coverage="100% (2/2)" />
                <line number="51" hits="15" branch="false" />
                <line number="52" hits="15" branch="false" />
                <line number="53" hits="15" branch="false" />
                <line number="54" hits="10" branch="true" condition-coverage="50% (1/2)" />
                <line number="55" hits="10" branch="false" />
              </lines>
            </method>
          </methods>
          <lines>
            <line number="15" hits="16" branch="false" />
            <line number="16" hits="16" branch="false" />
            <line number="17" hits="16" branch="false" />
            <line number="30" hits="10" branch="false" />
            <line number="31" hits="10" branch="false" />
            <line number="32" hits="15" branch="false" />
            <line number="33" hits="15" branch="false" />
            <line number="34" hits="15" branch="false" />
            <line number="35" hits="15" branch="false" />
            <line number="36" hits="15" branch="false" />
            <line number="37" hits="10" branch="false" />
            <line number="40" hits="10" branch="false" />
            <line number="41" hits="10" branch="false" />
            <line number="42" hits="10" branch="false" />
            <line number="43" hits="10" branch="false" />
            <line number="44" hits="10" branch="false" />
            <line number="45" hits="10" branch="false" />
            <line number="46" hits="10" branch="false" />
            <line number="49" hits="10" branch="false" />
            <line number="50" hits="60" branch="true" condition-coverage="100% (2/2)" />
            <line number="51" hits="15" branch="false" />
            <line number="52" hits="15" branch="false" />
            <line number="53" hits="15" branch="false" />
            <line number="54" hits="10" branch="true" condition-coverage="50% (1/2)" />
            <line number="55" hits="10" branch="false" />
            <line number="63" hits="1" branch="false" />
            <line number="64" hits="1" branch="false" />
            <line number="65" hits="1" branch="false" />
            <line number="66" hits="1" branch="false" />
            <line number="67" hits="1" branch="false" />
            <line number="75" hits="2" branch="false" />
            <line number="76" hits="2" branch="false" />
            <line number="77" hits="2" branch="false" />
            <line number="78" hits="2" branch="false" />
            <line number="79" hits="2" branch="false" />
            <line number="87" hits="3" branch="false" />
            <line number="88" hits="3" branch="false" />
            <line number="89" hits="3" branch="false" />
            <line number="90" hits="3" branch="true" condition-coverage="75% (3/4)" />
            <line number="91" hits="1" branch="false" />
            <line number="92" hits="1" branch="false" />
            <line number="93" hits="1" branch="false" />
            <line number="94" hits="1" branch="false" />
            <line number="95" hits="1" branch="true" condition-coverage="75% (3/4)" />
            <line number="96" hits="1" branch="false" />
            <line number="97" hits="1" branch="false" />
            <line number="98" hits="1" branch="false" />
            <line number="99" hits="1" branch="false" />
            <line number="100" hits="1" branch="false" />
            <line number="101" hits="1" branch="false" />
            <line number="103" hits="3" branch="false" />
            <line number="104" hits="3" branch="false" />
            <line number="105" hits="3" branch="false" />
            <line number="106" hits="3" branch="false" />
            <line number="107" hits="3" branch="false" />
            <line number="108" hits="3" branch="false" />
            <line number="109" hits="3" branch="true" condition-coverage="100% (2/2)" />
            <line number="110" hits="1" branch="false" />
            <line number="111" hits="1" branch="false" />
            <line number="114" hits="2" branch="true" condition-coverage="100% (2/2)" />
            <line number="115" hits="2" branch="false" />
            <line number="116" hits="2" branch="false" />
            <line number="117" hits="2" branch="false" />
            <line number="118" hits="2" branch="false" />
            <line number="119" hits="3" branch="false" />
            <line number="122" hits="13" branch="true" condition-coverage="71% (5/7)" />
            <line number="123" hits="13" branch="false" />
            <line number="124" hits="9" branch="true" condition-coverage="50% (1/2)" />
            <line number="125" hits="9" branch="false" />
            <line number="126" hits="13" branch="false" />
            <line number="127" hits="1" branch="false" />
            <line number="128" hits="13" branch="false" />
            <line number="129" hits="1" branch="true" condition-coverage="50% (1/2)" />
            <line number="130" hits="13" branch="false" />
            <line number="131" hits="1" branch="true" condition-coverage="50% (1/2)" />
            <line number="132" hits="13" branch="false" />
            <line number="133" hits="0" branch="true" condition-coverage="0% (0/2)" />
            <line number="134" hits="13" branch="false" />
            <line number="135" hits="1" branch="true" condition-coverage="50% (1/2)" />
            <line number="136" hits="0" branch="false" />
            <line number="137" hits="13" branch="false" />
            <line number="140" hits="13" branch="false" />
            <line number="143" hits="5" branch="false" />
            <line number="144" hits="5" branch="false" />
            <line number="145" hits="5" branch="false" />
            <line number="146" hits="5" branch="false" />
            <line number="147" hits="5" branch="false" />
[...]
              <lines>
                <line number="8" hits="298" branch="false" />
              </lines>
            </method>
            <method name="get_Status" signature="()" line-rate="1" branch-rate="1" complexity="1">
              <lines>
                <line number="9" hits="431" branch="false" />
              </lines>
            </method>
            <method name="get_TokenVersion" signature="()" line-rate="1" branch-rate="1" complexity="1">
              <lines>
                <line number="10" hits="190" branch="false" />
              </lines>
            </method>
            <method name="get_CreatedAtUtc" signature="()" line-rate="1" branch-rate="1" complexity="1">
              <lines>
                <line number="11" hits="196" branch="false" />
              </lines>
            </method>
            <method name="get_UpdatedAtUtc" signature="()" line-rate="1" branch-rate="1" complexity="1">
              <lines>
                <line number="12" hits="181" branch="false" />
              </lines>
            </method>
          </methods>
          <lines>
            <line number="8" hits="298" branch="false" />
            <line number="9" hits="431" branch="false" />
            <line number="10" hits="190" branch="false" />
            <line number="11" hits="196" branch="false" />
            <line number="12" hits="181" branch="false" />
          </lines>
        </class>
        <class name="PropertyHub.Infrastructure.Identity.IdentitySeeder" filename="backend\PropertyHub.Infrastructure\Identity\IdentitySeeder.cs" line-rate="0.8620689655172413" branch-rate="0.7222222222222222" complexity="18">
          <methods>
            <method name="EnsureSucceeded" signature="(Microsoft.AspNetCore.Identity.IdentityResult,System.String)" line-rate="0.7142857142857143" branch-rate="0.5" complexity="2">
              <lines>
                <line number="81" hits="28" branch="false" />
                <line number="82" hits="28" branch="true" condition-coverage="50% (1/2)" />
                <line number="83" hits="28" branch="false" />
                <line number="84" hits="28" branch="false" />
                <line number="87" hits="0" branch="false" />
                <line number="88" hits="0" branch="false" />
                <line number="89" hits="28" branch="false" />
              </lines>
            </method>
            <method name="InitialiseDatabaseAsync" signature="()" line-rate="0.8823529411764706" branch-rate="0.75" complexity="16">
              <lines>
                <line number="19" hits="7" branch="false" />
                <line number="20" hits="7" branch="false" />
                <line number="21" hits="7" branch="false" />
                <line number="22" hits="7" branch="false" />
                <line number="24" hits="7" branch="true" condition-coverage="50% (1/2)" />
                <line number="25" hits="7" branch="false" />
                <line number="26" hits="7" branch="false" />
                <line number="27" hits="7" branch="false" />
                <line number="29" hits="0" branch="false" />
                <line number="30" hits="0" branch="false" />
                <line number="31" hits="0" branch="false" />
                <line number="33" hits="7" branch="false" />
                <line number="34" hits="49" branch="true" condition-coverage="100% (2/2)" />
                <line number="35" hits="14" branch="false" />
                <line number="36" hits="14" branch="true" condition-coverage="100% (2/2)" />
                <line number="37" hits="14" branch="false" />
                <line number="38" hits="14" branch="false" />
                <line number="39" hits="14" branch="false" />
                <line number="40" hits="14" branch="false" />
                <line number="41" hits="14" branch="false" />
                <line number="43" hits="7" branch="false" />
                <line number="44" hits="7" branch="false" />
                <line number="45" hits="7" branch="false" />
                <line number="46" hits="7" branch="true" condition-coverage="50% (1/2)" />
                <line number="47" hits="7" branch="false" />
                <line number="49" hits="7" branch="true" condition-coverage="50% (2/4)" />
                <line number="50" hits="0" branch="false" />
                <line number="51" hits="0" branch="false" />
                <line number="52" hits="0" branch="false" />
                <line number="55" hits="7" branch="false" />
                <line number="56" hits="7" branch="false" />
                <line number="57" hits="7" branch="true" condition-coverage="100% (2/2)" />
                <line number="58" hits="7" branch="false" />
                <line number="59" hits="7" branch="false" />
                <line number="60" hits="7" branch="false" />
                <line number="61" hits="7" branch="false" />
                <line number="62" hits="7" branch="false" />
                <line number="63" hits="7" branch="false" />
                <line number="64" hits="7" branch="false" />
                <line number="65" hits="7" branch="false" />
                <line number="66" hits="7" branch="false" />
                <line number="67" hits="7" branch="false" />
                <line number="69" hits="7" branch="false" />
                <line number="70" hits="7" branch="false" />
                <line number="71" hits="7" branch="false" />
                <line number="73" hits="7" branch="true" condition-coverage="100% (2/2)" />
                <line number="74" hits="7" branch="false" />
                <line number="75" hits="7" branch="false" />
                <line number="76" hits="7" branch="false" />
                <line number="77" hits="7" branch="false" />
                <line number="78" hits="7" branch="false" />
              </lines>
            </method>
          </methods>
          <lines>
            <line number="19" hits="7" branch="false" />
            <line number="20" hits="7" branch="false" />
            <line number="21" hits="7" branch="false" />
            <line number="22" hits="7" branch="false" />
            <line number="24" hits="7" branch="true" condition-coverage="50% (1/2)" />
            <line number="25" hits="7" branch="false" />
            <line number="26" hits="7" branch="false" />
            <line number="27" hits="7" branch="false" />
            <line number="29" hits="0" branch="false" />
            <line number="30" hits="0" branch="false" />
            <line number="31" hits="0" branch="false" />
            <line number="33" hits="7" branch="false" />
            <line number="34" hits="49" branch="true" condition-coverage="100% (2/2)" />
            <line number="35" hits="14" branch="false" />
            <line number="36" hits="14" branch="true" condition-coverage="100% (2/2)" />
            <line number="37" hits="14" branch="false" />
            <line number="38" hits="14" branch="false" />
            <line number="39" hits="14" branch="false" />
            <line number="40" hits="14" branch="false" />
            <line number="41" hits="14" branch="false" />
            <line number="43" hits="7" branch="false" />
            <line number="44" hits="7" branch="false" />
            <line number="45" hits="7" branch="false" />
            <line number="46" hits="7" branch="true" condition-coverage="50% (1/2)" />
            <line number="47" hits="7" branch="false" />
            <line number="49" hits="7" branch="true" condition-coverage="50% (2/4)" />
            <line number="50" hits="0" branch="false" />
            <line number="51" hits="0" branch="false" />
            <line number="52" hits="0" branch="false" />
            <line number="55" hits="7" branch="false" />
            <line number="56" hits="7" branch="false" />
            <line number="57" hits="7" branch="true" condition-coverage="100% (2/2)" />
            <line number="58" hits="7" branch="false" />
            <line number="59" hits="7" branch="false" />
            <line number="60" hits="7" branch="false" />
            <line number="61" hits="7" branch="false" />
            <line number="62" hits="7" branch="false" />
            <line number="63" hits="7" branch="false" />
            <line number="64" hits="7" branch="false" />
            <line number="65" hits="7" branch="false" />
            <line number="66" hits="7" branch="false" />
            <line number="67" hits="7" branch="false" />
            <line number="69" hits="7" branch="false" />
            <line number="70" hits="7" branch="false" />
            <line number="71" hits="7" branch="false" />
            <line number="73" hits="7" branch="true" condition-coverage="100% (2/2)" />
            <line number="74" hits="7" branch="false" />
            <line number="75" hits="7" branch="false" />
            <line number="76" hits="7" branch="false" />
            <line number="77" hits="7" branch="false" />
            <line number="78" hits="7" branch="false" />
            <line number="81" hits="28" branch="false" />
            <line number="82" hits="28" branch="true" condition-coverage="50% (1/2)" />
            <line number="83" hits="28" branch="false" />
            <line number="84" hits="28" branch="false" />
            <line number="87" hits="0" branch="false" />
            <line number="88" hits="0" branch="false" />
            <line number="89" hits="28" branch="false" />
          </lines>
        </class>
        <class name="PropertyHub.Infrastructure.Identity.IdentityUserAccountRepository" filename="backend\PropertyHub.Infrastructure\Identity\IdentityUserAccountRepository.cs" line-rate="0.8153846153846154" branch-rate="0.6666666666666666" complexity="21">
          <methods>
            <method name="ToErrorDictionary" signature="(System.Collections.Generic.IEnumerable`1&lt;Microsoft.AspNetCore.Identity.IdentityError&gt;)" line-rate="0" branch-rate="1" complexity="1">
              <lines>
                <line number="105" hits="0" branch="false" />
                <line number="106" hits="0" branch="false" />
                <line number="107" hits="0" branch="false" />
                <line number="108" hits="0" branch="false" />
              </lines>
            </method>
            <method name="GetErrorKey" signature="(System.String)" line-rate="0" branch-rate="0" complexity="2">
              <lines>
                <line number="111" hits="0" branch="true" condition-coverage="0% (0/2)" />
              </lines>
            </method>
            <method name=".ctor" signature="(Microsoft.AspNetCore.Identity.UserManager`1&lt;PropertyHub.Infrastructure.Identity.ApplicationUser&gt;,Microsoft.AspNetCore.Identity.SignInManager`1&lt;PropertyHub.Infrastructure.Identity.ApplicationUser&gt;)" line-rate="1" branch-rate="1" complexity="1">
              <lines>
                <line number="9" hits="168" branch="false" />
                <line number="10" hits="168" branch="false" />
                <line number="11" hits="168" branch="false" />
              </lines>
            </method>
            <method name="CreateUserAsync" signature="()" line-rate="0.7727272727272727" branch-rate="0.5" complexity="4">
              <lines>
                <line number="18" hits="20" branch="false" />
                <line number="19" hits="20" branch="false" />
                <line number="21" hits="20" branch="false" />
                <line number="22" hits="20" branch="false" />
                <line number="23" hits="20" branch="false" />
                <line number="24" hits="20" branch="false" />
                <line number="25" hits="20" branch="false" />
                <line number="26" hits="20" branch="false" />
                <line number="27" hits="20" branch="false" />
                <line number="28" hits="20" branch="false" />
                <line number="29" hits="20" branch="false" />
                <line number="31" hits="20" branch="false" />
                <line number="32" hits="20" branch="true" condition-coverage="50% (1/2)" />
                <line number="33" hits="0" branch="false" />
                <line number="34" hits="0" branch="false" />
                <line number="37" hits="20" branch="false" />
                <line number="38" hits="20" branch="true" condition-coverage="50% (1/2)" />
                <line number="39" hits="0" branch="false" />
                <line number="40" hits="0" branch="false" />
                <line number="41" hits="0" branch="false" />
                <line number="44" hits="20" branch="false" />
                <line number="45" hits="20" branch="false" />
              </lines>
            </method>
            <method name="GetByIdAsync" signature="()" line-rate="1" branch-rate="0.5" complexity="2">
              <lines>
                <line number="75" hits="14" branch="false" />
                <line number="76" hits="14" branch="false" />
                <line number="77" hits="14" branch="false" />
                <line number="78" hits="14" branch="true" condition-coverage="50% (1/2)" />
                <line number="79" hits="14" branch="false" />
              </lines>
            </method>
            <method name="IsActiveAsync" signature="()" line-rate="1" branch-rate="1" complexity="4">
              <lines>
                <line number="85" hits="86" branch="false" />
                <line number="86" hits="86" branch="false" />
                <line number="87" hits="86" branch="false" />
                <line number="88" hits="86" branch="true" condition-coverage="100% (4/4)" />
                <line number="89" hits="86" branch="false" />
              </lines>
            </method>
            <method name="ToSnapshotAsync" signature="()" line-rate="1" branch-rate="1" complexity="1">
              <lines>
                <line number="92" hits="75" branch="false" />
                <line number="93" hits="75" branch="false" />
                <line number="94" hits="75" branch="false" />
                <line number="95" hits="75" branch="false" />
                <line number="96" hits="75" branch="false" />
                <line number="97" hits="75" branch="false" />
                <line number="98" hits="75" branch="false" />
                <line number="99" hits="75" branch="false" />
                <line number="100" hits="75" branch="false" />
                <line number="101" hits="75" branch="false" />
              </lines>
            </method>
            <method name="ValidateCredentialsAsync" signature="()" line-rate="0.8666666666666667" branch-rate="0.8333333333333334" complexity="6">
              <lines>
                <line number="51" hits="44" branch="false" />
                <line number="52" hits="44" branch="false" />
                <line number="54" hits="44" branch="false" />
                <line number="55" hits="44" branch="true" condition-coverage="100% (2/2)" />
                <line number="56" hits="1" branch="false" />
                <line number="57" hits="1" branch="false" />
                <line number="60" hits="43" branch="false" />
                <line number="61" hits="43" branch="true" condition-coverage="50% (1/2)" />
                <line number="62" hits="0" branch="false" />
                <line number="63" hits="0" branch="false" />
                <line number="66" hits="43" branch="true" condition-coverage="100% (2/2)" />
                <line number="67" hits="2" branch="false" />
                <line number="68" hits="2" branch="false" />
                <line number="71" hits="41" branch="false" />
                <line number="72" hits="44" branch="false" />
              </lines>
            </method>
          </methods>
          <lines>
            <line number="9" hits="168" branch="false" />
            <line number="10" hits="168" branch="false" />
            <line number="11" hits="168" branch="false" />
            <line number="18" hits="20" branch="false" />
            <line number="19" hits="20" branch="false" />
            <line number="21" hits="20" branch="false" />
            <line number="22" hits="20" branch="false" />
            <line number="23" hits="20" branch="false" />
            <line number="24" hits="20" branch="false" />
            <line number="25" hits="20" branch="false" />
            <line number="26" hits="20" branch="false" />
            <line number="27" hits="20" branch="false" />
            <line number="28" hits="20" branch="false" />
            <line number="29" hits="20" branch="false" />
            <line number="31" hits="20" branch="false" />
            <line number="32" hits="20" branch="true" condition-coverage="50% (1/2)" />
            <line number="33" hits="0" branch="false" />
            <line number="34" hits="0" branch="false" />
            <line number="37" hits="20" branch="false" />
            <line number="38" hits="20" branch="true" condition-coverage="50% (1/2)" />
            <line number="39" hits="0" branch="false" />
            <line number="40" hits="0" branch="false" />
            <line number="41" hits="0" branch="false" />
            <line number="44" hits="20" branch="false" />
            <line number="45" hits="20" branch="false" />
            <line number="51" hits="44" branch="false" />
            <line number="52" hits="44" branch="false" />
            <line number="54" hits="44" branch="false" />
            <line number="55" hits="44" branch="true" condition-coverage="100% (2/2)" />
            <line number="56" hits="1" branch="false" />
            <line number="57" hits="1" branch="false" />
            <line number="60" hits="43" branch="false" />
            <line number="61" hits="43" branch="true" condition-coverage="50% (1/2)" />
            <line number="62" hits="0" branch="false" />
            <line number="63" hits="0" branch="false" />
            <line number="66" hits="43" branch="true" condition-coverage="100% (2/2)" />
            <line number="67" hits="2" branch="false" />
            <line number="68" hits="2" branch="false" />
            <line number="71" hits="41" branch="false" />
            <line number="72" hits="44" branch="false" />
            <line number="75" hits="14" branch="false" />
            <line number="76" hits="14" branch="false" />
            <line number="77" hits="14" branch="false" />
            <line number="78" hits="14" branch="true" condition-coverage="50% (1/2)" />
            <line number="79" hits="14" branch="false" />
            <line number="85" hits="86" branch="false" />
            <line number="86" hits="86" branch="false" />
            <line number="87" hits="86" branch="false" />
            <line number="88" hits="86" branch="true" condition-coverage="100% (4/4)" />
            <line number="89" hits="86" branch="false" />
            <line number="92" hits="75" branch="false" />
            <line number="93" hits="75" branch="false" />
            <line number="94" hits="75" branch="false" />
            <line number="95" hits="75" branch="false" />
            <line number="96" hits="75" branch="false" />
            <line number="97" hits="75" branch="false" />
            <line number="98" hits="75" branch="false" />
            <line number="99" hits="75" branch="false" />
            <line number="100" hits="75" branch="false" />
            <line number="101" hits="75" branch="false" />
            <line number="105" hits="0" branch="false" />
            <line number="106" hits="0" branch="false" />
            <line number="107" hits="0" branch="false" />
            <line number="108" hits="0" branch="false" />
            <line number="111" hits="0" branch="true" condition-coverage="0% (0/2)" />
          </lines>
        </class>
      </classes>
    </package>
  </packages>
</coverage>